Arguments: 
  C:\Program Files\nodejs\node.exe C:\Users\Esteban\AppData\Roaming\npm\node_modules\yarn\bin\yarn.js

PATH: 
  C:\Windows\system32;C:\Windows;C:\Windows\System32\Wbem;C:\Windows\System32\WindowsPowerShell\v1.0\;C:\Windows\System32\OpenSSH\;C:\Program Files\dotnet\;C:\Program Files (x86)\NVIDIA Corporation\PhysX\Common;C:\Program Files\NVIDIA Corporation\NVIDIA NvDLISR;C:\Program Files (x86)\Calibre2\;C:\Program Files\Git\cmd;C:\Program Files\nodejs\;C:\Users\Esteban\AppData\Local\Microsoft\WindowsApps;C:\Users\Esteban\.dotnet\tools;C:\Users\Esteban\AppData\Roaming\npm;C:\Users\Esteban\Documents\Learning\velocity\node_modules\.bin

Yarn version: 
  1.22.19

Node version: 
  16.14.0

Platform: 
  win32 x64

Trace: 
  SyntaxError: C:\Users\Esteban\Documents\Learning\velocity\packages\vel-button\package.json: Unexpected token } in JSON at position 1375
      at JSON.parse (<anonymous>)
      at C:\Users\Esteban\AppData\Roaming\npm\node_modules\yarn\lib\cli.js:1629:59
      at Generator.next (<anonymous>)
      at step (C:\Users\Esteban\AppData\Roaming\npm\node_modules\yarn\lib\cli.js:310:30)
      at C:\Users\Esteban\AppData\Roaming\npm\node_modules\yarn\lib\cli.js:321:13

npm manifest: 
  {
    "name": "vel-button",
    "description": "Webcomponent vel-button following open-wc recommendations",
    "license": "MIT",
    "author": "vel-button",
    "version": "0.0.0",
    "main": "index.js",
    "module": "index.js",
    "scripts": {
      "analyze": "cem analyze --litelement",
      "start": "web-dev-server",
      "lint": "eslint --ext .js,.html . --ignore-path .gitignore && prettier \"**/*.js\" --check --ignore-path .gitignore",
      "format": "eslint --ext .js,.html . --fix --ignore-path .gitignore && prettier \"**/*.js\" --write --ignore-path .gitignore",
      "test": "web-test-runner --coverage",
      "test:watch": "web-test-runner --watch",
      "storybook": "npm run analyze -- --exclude dist && web-dev-server -c .storybook/server.mjs",
      "storybook:build": "npm run analyze -- --exclude dist && build-storybook",
      "build": "rollup -c"
    },
    "dependencies": {
      "lit": "^2.0.2"
    },
    "devDependencies": {
      "@custom-elements-manifest/analyzer": "^0.4.17",
      "@open-wc/eslint-config": "^8.0.2",
      "@open-wc/testing": "^3.1.6",
      "@rollup/plugin-node-resolve": "^15.0.1",
      "@web/dev-server": "^0.1.34",
      "@web/dev-server-storybook": "^0.5.4",
      "@web/test-runner": "^0.14.0",
      "eslint": "^7.32.0",
      "eslint-config-prettier": "^8.3.0",
      "husky": "^4.3.8",
      "lint-staged": "^10.5.4",
      "prettier": "^2.4.1",
      "rollup": "^3.7.5",
    },
    "customElements": "custom-elements.json",
    "eslintConfig": {
      "extends": [
        "@open-wc",
        "prettier"
      ]
    },
    "prettier": {
      "singleQuote": true,
      "arrowParens": "avoid"
    },
    "husky": {
      "hooks": {
        "pre-commit": "lint-staged"
      }
    },
    "lint-staged": {
      "*.js": [
        "eslint --fix",
        "prettier --write"
      ]
    }
  }

yarn manifest: 
  No manifest

Lockfile: 
  No lockfile
